
> frontend@0.1.0 build
> next build

 ⚠ Warning: Next.js inferred your workspace root, but it may not be correct.
 We detected multiple lockfiles and selected the directory of /Users/pro/bun.lock as the root directory.
 To silence this warning, set `turbopack.root` in your Next.js config, or consider removing one of the lockfiles if it's not needed.
   See https://nextjs.org/docs/app/api-reference/config/next-config-js/turbopack#root-directory for more information.
 Detected additional lockfiles: 
   * /Users/pro/Dev/ladapala/hotel/frontend/package-lock.json
   * /Users/pro/Dev/bun.lock

   ▲ Next.js 16.0.1 (Turbopack)
   - Environments: .env.local, .env.production, .env

   Creating an optimized production build ...

[2m[115.00ms][22m [@tailwindcss/postcss] src/app/globals.css
[2m[  0.03ms][22m  [2m ↳ [22mQuick bail check
[2m[ 16.84ms][22m  [2m ↳ [22mSetup compiler
[2m[  0.20ms][22m    [2m ↳ [22mPostCSS AST -> Tailwind CSS AST
[2m[ 16.63ms][22m    [2m ↳ [22mCreate compiler
[2m[  0.08ms][22m  [2m ↳ [22mRegister full rebuild paths
[2m[  5.36ms][22m  [2m ↳ [22mSetup scanner
[2m[ 16.62ms][22m  [2m ↳ [22mScan for candidates
[2m[ 10.25ms][22m  [2m ↳ [22mRegister dependency messages
[2m[ 31.13ms][22m  [2m ↳ [22mBuild utilities
[2m[ 31.13ms][22m  [2m ↳ [22mOptimization
[2m[  0.68ms][22m    [2m ↳ [22mAST -> CSS
[2m[ 20.04ms][22m    [2m ↳ [22mLightning CSS
[2m[ 10.39ms][22m    [2m ↳ [22mCSS -> PostCSS AST
[2m[  3.29ms][22m  [2m ↳ [22mUpdate PostCSS AST

 ✓ Compiled successfully in 5.9s
   Running TypeScript ...
